{"/home/raghadan/ltuc/401/data-structures-and-algorithms/challenges/arrayShift/array-shift.js": {"path":"/home/raghadan/ltuc/401/data-structures-and-algorithms/challenges/arrayShift/array-shift.js","statementMap":{"0":{"start":{"line":3,"column":23},"end":{"line":24,"column":1}},"1":{"start":{"line":6,"column":14},"end":{"line":6,"column":43}},"2":{"start":{"line":7,"column":17},"end":{"line":7,"column":19}},"3":{"start":{"line":8,"column":4},"end":{"line":21,"column":5}},"4":{"start":{"line":8,"column":17},"end":{"line":8,"column":18}},"5":{"start":{"line":9,"column":8},"end":{"line":11,"column":9}},"6":{"start":{"line":10,"column":12},"end":{"line":10,"column":31}},"7":{"start":{"line":13,"column":8},"end":{"line":16,"column":9}},"8":{"start":{"line":14,"column":12},"end":{"line":14,"column":31}},"9":{"start":{"line":15,"column":12},"end":{"line":15,"column":32}},"10":{"start":{"line":18,"column":8},"end":{"line":20,"column":9}},"11":{"start":{"line":19,"column":12},"end":{"line":19,"column":35}},"12":{"start":{"line":23,"column":4},"end":{"line":23,"column":18}},"13":{"start":{"line":26,"column":0},"end":{"line":26,"column":34}}},"fnMap":{"0":{"name":"(anonymous_0)","decl":{"start":{"line":3,"column":23},"end":{"line":3,"column":24}},"loc":{"start":{"line":3,"column":37},"end":{"line":24,"column":1}},"line":3}},"branchMap":{"0":{"loc":{"start":{"line":9,"column":8},"end":{"line":11,"column":9}},"type":"if","locations":[{"start":{"line":9,"column":8},"end":{"line":11,"column":9}},{"start":{"line":9,"column":8},"end":{"line":11,"column":9}}],"line":9},"1":{"loc":{"start":{"line":13,"column":8},"end":{"line":16,"column":9}},"type":"if","locations":[{"start":{"line":13,"column":8},"end":{"line":16,"column":9}},{"start":{"line":13,"column":8},"end":{"line":16,"column":9}}],"line":13},"2":{"loc":{"start":{"line":18,"column":8},"end":{"line":20,"column":9}},"type":"if","locations":[{"start":{"line":18,"column":8},"end":{"line":20,"column":9}},{"start":{"line":18,"column":8},"end":{"line":20,"column":9}}],"line":18}},"s":{"0":1,"1":2,"2":2,"3":2,"4":2,"5":9,"6":3,"7":9,"8":2,"9":2,"10":9,"11":4,"12":2,"13":1},"f":{"0":2},"b":{"0":[3,6],"1":[2,7],"2":[4,5]},"_coverageSchema":"1a1c01bbd47fc00a2c39e90264f33305004495a9","hash":"33d5e58449f26ec001711e59011699c0a0ccdab4"}
,"/home/raghadan/ltuc/401/data-structures-and-algorithms/challenges/linkedList/linked-list.js": {"path":"/home/raghadan/ltuc/401/data-structures-and-algorithms/challenges/linkedList/linked-list.js","statementMap":{"0":{"start":{"line":3,"column":11},"end":{"line":3,"column":31}},"1":{"start":{"line":7,"column":8},"end":{"line":7,"column":25}},"2":{"start":{"line":12,"column":19},"end":{"line":12,"column":34}},"3":{"start":{"line":14,"column":8},"end":{"line":17,"column":9}},"4":{"start":{"line":15,"column":12},"end":{"line":15,"column":29}},"5":{"start":{"line":16,"column":12},"end":{"line":16,"column":24}},"6":{"start":{"line":20,"column":26},"end":{"line":20,"column":35}},"7":{"start":{"line":21,"column":8},"end":{"line":23,"column":9}},"8":{"start":{"line":22,"column":12},"end":{"line":22,"column":43}},"9":{"start":{"line":24,"column":8},"end":{"line":24,"column":32}},"10":{"start":{"line":25,"column":8},"end":{"line":25,"column":20}},"11":{"start":{"line":29,"column":19},"end":{"line":29,"column":34}},"12":{"start":{"line":30,"column":8},"end":{"line":33,"column":9}},"13":{"start":{"line":31,"column":12},"end":{"line":31,"column":29}},"14":{"start":{"line":32,"column":12},"end":{"line":32,"column":24}},"15":{"start":{"line":34,"column":26},"end":{"line":34,"column":35}},"16":{"start":{"line":35,"column":8},"end":{"line":37,"column":9}},"17":{"start":{"line":36,"column":12},"end":{"line":36,"column":43}},"18":{"start":{"line":38,"column":8},"end":{"line":38,"column":32}},"19":{"start":{"line":39,"column":8},"end":{"line":39,"column":20}},"20":{"start":{"line":43,"column":22},"end":{"line":43,"column":38}},"21":{"start":{"line":45,"column":26},"end":{"line":45,"column":35}},"22":{"start":{"line":47,"column":8},"end":{"line":51,"column":9}},"23":{"start":{"line":48,"column":12},"end":{"line":48,"column":37}},"24":{"start":{"line":49,"column":12},"end":{"line":49,"column":32}},"25":{"start":{"line":50,"column":12},"end":{"line":50,"column":24}},"26":{"start":{"line":52,"column":8},"end":{"line":60,"column":9}},"27":{"start":{"line":53,"column":12},"end":{"line":57,"column":13}},"28":{"start":{"line":54,"column":16},"end":{"line":54,"column":48}},"29":{"start":{"line":55,"column":16},"end":{"line":55,"column":43}},"30":{"start":{"line":56,"column":16},"end":{"line":56,"column":28}},"31":{"start":{"line":59,"column":12},"end":{"line":59,"column":43}},"32":{"start":{"line":61,"column":8},"end":{"line":61,"column":20}},"33":{"start":{"line":66,"column":22},"end":{"line":66,"column":38}},"34":{"start":{"line":68,"column":26},"end":{"line":68,"column":35}},"35":{"start":{"line":69,"column":8},"end":{"line":77,"column":9}},"36":{"start":{"line":70,"column":12},"end":{"line":75,"column":13}},"37":{"start":{"line":71,"column":16},"end":{"line":71,"column":48}},"38":{"start":{"line":72,"column":16},"end":{"line":72,"column":43}},"39":{"start":{"line":74,"column":16},"end":{"line":74,"column":28}},"40":{"start":{"line":76,"column":12},"end":{"line":76,"column":43}},"41":{"start":{"line":78,"column":8},"end":{"line":78,"column":20}},"42":{"start":{"line":84,"column":22},"end":{"line":84,"column":31}},"43":{"start":{"line":85,"column":8},"end":{"line":90,"column":9}},"44":{"start":{"line":86,"column":12},"end":{"line":88,"column":13}},"45":{"start":{"line":87,"column":16},"end":{"line":87,"column":28}},"46":{"start":{"line":89,"column":12},"end":{"line":89,"column":35}},"47":{"start":{"line":91,"column":8},"end":{"line":91,"column":21}},"48":{"start":{"line":95,"column":22},"end":{"line":95,"column":31}},"49":{"start":{"line":96,"column":27},"end":{"line":96,"column":29}},"50":{"start":{"line":97,"column":8},"end":{"line":100,"column":9}},"51":{"start":{"line":98,"column":12},"end":{"line":98,"column":53}},"52":{"start":{"line":99,"column":12},"end":{"line":99,"column":35}},"53":{"start":{"line":101,"column":8},"end":{"line":101,"column":37}},"54":{"start":{"line":105,"column":0},"end":{"line":105,"column":28}}},"fnMap":{"0":{"name":"(anonymous_0)","decl":{"start":{"line":6,"column":4},"end":{"line":6,"column":5}},"loc":{"start":{"line":6,"column":18},"end":{"line":8,"column":5}},"line":6},"1":{"name":"(anonymous_1)","decl":{"start":{"line":11,"column":4},"end":{"line":11,"column":5}},"loc":{"start":{"line":11,"column":18},"end":{"line":26,"column":5}},"line":11},"2":{"name":"(anonymous_2)","decl":{"start":{"line":28,"column":4},"end":{"line":28,"column":5}},"loc":{"start":{"line":28,"column":18},"end":{"line":40,"column":5}},"line":28},"3":{"name":"(anonymous_3)","decl":{"start":{"line":42,"column":4},"end":{"line":42,"column":5}},"loc":{"start":{"line":42,"column":32},"end":{"line":63,"column":5}},"line":42},"4":{"name":"(anonymous_4)","decl":{"start":{"line":65,"column":4},"end":{"line":65,"column":5}},"loc":{"start":{"line":65,"column":31},"end":{"line":81,"column":5}},"line":65},"5":{"name":"(anonymous_5)","decl":{"start":{"line":83,"column":4},"end":{"line":83,"column":5}},"loc":{"start":{"line":83,"column":18},"end":{"line":92,"column":5}},"line":83},"6":{"name":"(anonymous_6)","decl":{"start":{"line":94,"column":4},"end":{"line":94,"column":5}},"loc":{"start":{"line":94,"column":15},"end":{"line":102,"column":5}},"line":94}},"branchMap":{"0":{"loc":{"start":{"line":14,"column":8},"end":{"line":17,"column":9}},"type":"if","locations":[{"start":{"line":14,"column":8},"end":{"line":17,"column":9}},{"start":{"line":14,"column":8},"end":{"line":17,"column":9}}],"line":14},"1":{"loc":{"start":{"line":30,"column":8},"end":{"line":33,"column":9}},"type":"if","locations":[{"start":{"line":30,"column":8},"end":{"line":33,"column":9}},{"start":{"line":30,"column":8},"end":{"line":33,"column":9}}],"line":30},"2":{"loc":{"start":{"line":47,"column":8},"end":{"line":51,"column":9}},"type":"if","locations":[{"start":{"line":47,"column":8},"end":{"line":51,"column":9}},{"start":{"line":47,"column":8},"end":{"line":51,"column":9}}],"line":47},"3":{"loc":{"start":{"line":53,"column":12},"end":{"line":57,"column":13}},"type":"if","locations":[{"start":{"line":53,"column":12},"end":{"line":57,"column":13}},{"start":{"line":53,"column":12},"end":{"line":57,"column":13}}],"line":53},"4":{"loc":{"start":{"line":70,"column":12},"end":{"line":75,"column":13}},"type":"if","locations":[{"start":{"line":70,"column":12},"end":{"line":75,"column":13}},{"start":{"line":70,"column":12},"end":{"line":75,"column":13}}],"line":70},"5":{"loc":{"start":{"line":86,"column":12},"end":{"line":88,"column":13}},"type":"if","locations":[{"start":{"line":86,"column":12},"end":{"line":88,"column":13}},{"start":{"line":86,"column":12},"end":{"line":88,"column":13}}],"line":86}},"s":{"0":1,"1":9,"2":8,"3":8,"4":3,"5":3,"6":5,"7":5,"8":2,"9":5,"10":5,"11":14,"12":14,"13":5,"14":5,"15":9,"16":9,"17":4,"18":9,"19":9,"20":2,"21":2,"22":2,"23":1,"24":1,"25":1,"26":1,"27":1,"28":1,"29":1,"30":1,"31":0,"32":0,"33":2,"34":2,"35":2,"36":5,"37":2,"38":2,"39":2,"40":3,"41":0,"42":2,"43":2,"44":5,"45":1,"46":4,"47":1,"48":5,"49":5,"50":5,"51":19,"52":19,"53":5,"54":1},"f":{"0":9,"1":8,"2":14,"3":2,"4":2,"5":2,"6":5},"b":{"0":[3,5],"1":[5,9],"2":[1,1],"3":[1,0],"4":[2,3],"5":[1,4]},"_coverageSchema":"1a1c01bbd47fc00a2c39e90264f33305004495a9","hash":"c1f5b5616ab4e5f9f656bb1c1335e02cffaed492"}
,"/home/raghadan/ltuc/401/data-structures-and-algorithms/challenges/linkedList/node.js": {"path":"/home/raghadan/ltuc/401/data-structures-and-algorithms/challenges/linkedList/node.js","statementMap":{"0":{"start":{"line":7,"column":0},"end":{"line":7,"column":19}},"1":{"start":{"line":8,"column":0},"end":{"line":8,"column":17}},"2":{"start":{"line":12,"column":0},"end":{"line":12,"column":23}}},"fnMap":{"0":{"name":"(anonymous_0)","decl":{"start":{"line":6,"column":4},"end":{"line":6,"column":5}},"loc":{"start":{"line":6,"column":23},"end":{"line":9,"column":5}},"line":6}},"branchMap":{},"s":{"0":27,"1":27,"2":2},"f":{"0":27},"b":{},"_coverageSchema":"1a1c01bbd47fc00a2c39e90264f33305004495a9","hash":"4429b995ca57ff975dad963e8b029b91be12adbf"}
}
