{"/home/raghadan/ltuc/401/data-structures-and-algorithms/challenges/arrayShift/array-shift.js": {"path":"/home/raghadan/ltuc/401/data-structures-and-algorithms/challenges/arrayShift/array-shift.js","statementMap":{"0":{"start":{"line":3,"column":23},"end":{"line":24,"column":1}},"1":{"start":{"line":6,"column":12},"end":{"line":6,"column":41}},"2":{"start":{"line":7,"column":15},"end":{"line":7,"column":17}},"3":{"start":{"line":8,"column":2},"end":{"line":21,"column":3}},"4":{"start":{"line":8,"column":15},"end":{"line":8,"column":16}},"5":{"start":{"line":9,"column":4},"end":{"line":11,"column":5}},"6":{"start":{"line":10,"column":6},"end":{"line":10,"column":25}},"7":{"start":{"line":13,"column":4},"end":{"line":16,"column":5}},"8":{"start":{"line":14,"column":6},"end":{"line":14,"column":25}},"9":{"start":{"line":15,"column":6},"end":{"line":15,"column":26}},"10":{"start":{"line":18,"column":4},"end":{"line":20,"column":5}},"11":{"start":{"line":19,"column":6},"end":{"line":19,"column":29}},"12":{"start":{"line":23,"column":2},"end":{"line":23,"column":16}},"13":{"start":{"line":26,"column":0},"end":{"line":26,"column":34}}},"fnMap":{"0":{"name":"(anonymous_0)","decl":{"start":{"line":3,"column":23},"end":{"line":3,"column":24}},"loc":{"start":{"line":3,"column":37},"end":{"line":24,"column":1}},"line":3}},"branchMap":{"0":{"loc":{"start":{"line":9,"column":4},"end":{"line":11,"column":5}},"type":"if","locations":[{"start":{"line":9,"column":4},"end":{"line":11,"column":5}},{"start":{"line":9,"column":4},"end":{"line":11,"column":5}}],"line":9},"1":{"loc":{"start":{"line":13,"column":4},"end":{"line":16,"column":5}},"type":"if","locations":[{"start":{"line":13,"column":4},"end":{"line":16,"column":5}},{"start":{"line":13,"column":4},"end":{"line":16,"column":5}}],"line":13},"2":{"loc":{"start":{"line":18,"column":4},"end":{"line":20,"column":5}},"type":"if","locations":[{"start":{"line":18,"column":4},"end":{"line":20,"column":5}},{"start":{"line":18,"column":4},"end":{"line":20,"column":5}}],"line":18}},"s":{"0":1,"1":2,"2":2,"3":2,"4":2,"5":9,"6":3,"7":9,"8":2,"9":2,"10":9,"11":4,"12":2,"13":1},"f":{"0":2},"b":{"0":[3,6],"1":[2,7],"2":[4,5]},"_coverageSchema":"1a1c01bbd47fc00a2c39e90264f33305004495a9","hash":"43d69060e31f5907369e466631e0fde61c1c0264"}
,"/home/raghadan/ltuc/401/data-structures-and-algorithms/challenges/linkedList/linked-list.js": {"path":"/home/raghadan/ltuc/401/data-structures-and-algorithms/challenges/linkedList/linked-list.js","statementMap":{"0":{"start":{"line":3,"column":11},"end":{"line":3,"column":31}},"1":{"start":{"line":7,"column":4},"end":{"line":7,"column":21}},"2":{"start":{"line":12,"column":15},"end":{"line":12,"column":30}},"3":{"start":{"line":13,"column":4},"end":{"line":13,"column":26}},"4":{"start":{"line":14,"column":6},"end":{"line":14,"column":23}},"5":{"start":{"line":15,"column":6},"end":{"line":15,"column":18}},"6":{"start":{"line":19,"column":15},"end":{"line":19,"column":30}},"7":{"start":{"line":20,"column":4},"end":{"line":23,"column":5}},"8":{"start":{"line":21,"column":6},"end":{"line":21,"column":23}},"9":{"start":{"line":22,"column":6},"end":{"line":22,"column":18}},"10":{"start":{"line":24,"column":22},"end":{"line":24,"column":31}},"11":{"start":{"line":25,"column":4},"end":{"line":27,"column":5}},"12":{"start":{"line":26,"column":6},"end":{"line":26,"column":37}},"13":{"start":{"line":28,"column":4},"end":{"line":28,"column":28}},"14":{"start":{"line":29,"column":4},"end":{"line":29,"column":16}},"15":{"start":{"line":33,"column":18},"end":{"line":33,"column":34}},"16":{"start":{"line":35,"column":22},"end":{"line":35,"column":31}},"17":{"start":{"line":37,"column":4},"end":{"line":41,"column":5}},"18":{"start":{"line":38,"column":6},"end":{"line":38,"column":31}},"19":{"start":{"line":39,"column":6},"end":{"line":39,"column":26}},"20":{"start":{"line":40,"column":6},"end":{"line":40,"column":18}},"21":{"start":{"line":42,"column":4},"end":{"line":50,"column":5}},"22":{"start":{"line":43,"column":6},"end":{"line":47,"column":7}},"23":{"start":{"line":44,"column":8},"end":{"line":44,"column":40}},"24":{"start":{"line":45,"column":8},"end":{"line":45,"column":35}},"25":{"start":{"line":46,"column":8},"end":{"line":46,"column":20}},"26":{"start":{"line":49,"column":6},"end":{"line":49,"column":37}},"27":{"start":{"line":51,"column":4},"end":{"line":51,"column":16}},"28":{"start":{"line":56,"column":18},"end":{"line":56,"column":34}},"29":{"start":{"line":58,"column":22},"end":{"line":58,"column":31}},"30":{"start":{"line":59,"column":4},"end":{"line":67,"column":5}},"31":{"start":{"line":60,"column":6},"end":{"line":65,"column":7}},"32":{"start":{"line":61,"column":8},"end":{"line":61,"column":40}},"33":{"start":{"line":62,"column":8},"end":{"line":62,"column":35}},"34":{"start":{"line":64,"column":8},"end":{"line":64,"column":20}},"35":{"start":{"line":66,"column":6},"end":{"line":66,"column":37}},"36":{"start":{"line":68,"column":4},"end":{"line":68,"column":16}},"37":{"start":{"line":74,"column":18},"end":{"line":74,"column":27}},"38":{"start":{"line":75,"column":4},"end":{"line":80,"column":5}},"39":{"start":{"line":76,"column":6},"end":{"line":78,"column":7}},"40":{"start":{"line":77,"column":8},"end":{"line":77,"column":20}},"41":{"start":{"line":79,"column":6},"end":{"line":79,"column":29}},"42":{"start":{"line":81,"column":4},"end":{"line":81,"column":17}},"43":{"start":{"line":85,"column":18},"end":{"line":85,"column":27}},"44":{"start":{"line":86,"column":23},"end":{"line":86,"column":25}},"45":{"start":{"line":87,"column":4},"end":{"line":90,"column":5}},"46":{"start":{"line":88,"column":6},"end":{"line":88,"column":47}},"47":{"start":{"line":89,"column":6},"end":{"line":89,"column":29}},"48":{"start":{"line":91,"column":4},"end":{"line":91,"column":33}},"49":{"start":{"line":95,"column":4},"end":{"line":97,"column":5}},"50":{"start":{"line":96,"column":6},"end":{"line":96,"column":37}},"51":{"start":{"line":98,"column":4},"end":{"line":100,"column":5}},"52":{"start":{"line":99,"column":6},"end":{"line":99,"column":40}},"53":{"start":{"line":104,"column":16},"end":{"line":104,"column":17}},"54":{"start":{"line":105,"column":18},"end":{"line":105,"column":27}},"55":{"start":{"line":107,"column":4},"end":{"line":110,"column":5}},"56":{"start":{"line":108,"column":6},"end":{"line":108,"column":14}},"57":{"start":{"line":109,"column":6},"end":{"line":109,"column":29}},"58":{"start":{"line":111,"column":4},"end":{"line":113,"column":5}},"59":{"start":{"line":112,"column":6},"end":{"line":112,"column":51}},"60":{"start":{"line":115,"column":4},"end":{"line":115,"column":24}},"61":{"start":{"line":116,"column":16},"end":{"line":116,"column":31}},"62":{"start":{"line":118,"column":4},"end":{"line":120,"column":5}},"63":{"start":{"line":118,"column":17},"end":{"line":118,"column":18}},"64":{"start":{"line":119,"column":6},"end":{"line":119,"column":29}},"65":{"start":{"line":122,"column":4},"end":{"line":122,"column":25}},"66":{"start":{"line":126,"column":0},"end":{"line":126,"column":28}}},"fnMap":{"0":{"name":"(anonymous_0)","decl":{"start":{"line":6,"column":2},"end":{"line":6,"column":3}},"loc":{"start":{"line":6,"column":16},"end":{"line":8,"column":3}},"line":6},"1":{"name":"(anonymous_1)","decl":{"start":{"line":11,"column":2},"end":{"line":11,"column":3}},"loc":{"start":{"line":11,"column":16},"end":{"line":16,"column":3}},"line":11},"2":{"name":"(anonymous_2)","decl":{"start":{"line":18,"column":2},"end":{"line":18,"column":3}},"loc":{"start":{"line":18,"column":16},"end":{"line":30,"column":3}},"line":18},"3":{"name":"(anonymous_3)","decl":{"start":{"line":32,"column":2},"end":{"line":32,"column":3}},"loc":{"start":{"line":32,"column":30},"end":{"line":53,"column":3}},"line":32},"4":{"name":"(anonymous_4)","decl":{"start":{"line":55,"column":2},"end":{"line":55,"column":3}},"loc":{"start":{"line":55,"column":29},"end":{"line":71,"column":3}},"line":55},"5":{"name":"(anonymous_5)","decl":{"start":{"line":73,"column":2},"end":{"line":73,"column":3}},"loc":{"start":{"line":73,"column":16},"end":{"line":82,"column":3}},"line":73},"6":{"name":"(anonymous_6)","decl":{"start":{"line":84,"column":2},"end":{"line":84,"column":3}},"loc":{"start":{"line":84,"column":13},"end":{"line":92,"column":3}},"line":84},"7":{"name":"(anonymous_7)","decl":{"start":{"line":94,"column":2},"end":{"line":94,"column":3}},"loc":{"start":{"line":94,"column":16},"end":{"line":123,"column":3}},"line":94}},"branchMap":{"0":{"loc":{"start":{"line":20,"column":4},"end":{"line":23,"column":5}},"type":"if","locations":[{"start":{"line":20,"column":4},"end":{"line":23,"column":5}},{"start":{"line":20,"column":4},"end":{"line":23,"column":5}}],"line":20},"1":{"loc":{"start":{"line":37,"column":4},"end":{"line":41,"column":5}},"type":"if","locations":[{"start":{"line":37,"column":4},"end":{"line":41,"column":5}},{"start":{"line":37,"column":4},"end":{"line":41,"column":5}}],"line":37},"2":{"loc":{"start":{"line":43,"column":6},"end":{"line":47,"column":7}},"type":"if","locations":[{"start":{"line":43,"column":6},"end":{"line":47,"column":7}},{"start":{"line":43,"column":6},"end":{"line":47,"column":7}}],"line":43},"3":{"loc":{"start":{"line":60,"column":6},"end":{"line":65,"column":7}},"type":"if","locations":[{"start":{"line":60,"column":6},"end":{"line":65,"column":7}},{"start":{"line":60,"column":6},"end":{"line":65,"column":7}}],"line":60},"4":{"loc":{"start":{"line":76,"column":6},"end":{"line":78,"column":7}},"type":"if","locations":[{"start":{"line":76,"column":6},"end":{"line":78,"column":7}},{"start":{"line":76,"column":6},"end":{"line":78,"column":7}}],"line":76},"5":{"loc":{"start":{"line":95,"column":4},"end":{"line":97,"column":5}},"type":"if","locations":[{"start":{"line":95,"column":4},"end":{"line":97,"column":5}},{"start":{"line":95,"column":4},"end":{"line":97,"column":5}}],"line":95},"6":{"loc":{"start":{"line":98,"column":4},"end":{"line":100,"column":5}},"type":"if","locations":[{"start":{"line":98,"column":4},"end":{"line":100,"column":5}},{"start":{"line":98,"column":4},"end":{"line":100,"column":5}}],"line":98},"7":{"loc":{"start":{"line":111,"column":4},"end":{"line":113,"column":5}},"type":"if","locations":[{"start":{"line":111,"column":4},"end":{"line":113,"column":5}},{"start":{"line":111,"column":4},"end":{"line":113,"column":5}}],"line":111}},"s":{"0":2,"1":12,"2":16,"3":16,"4":16,"5":16,"6":22,"7":22,"8":6,"9":6,"10":16,"11":16,"12":25,"13":16,"14":16,"15":2,"16":2,"17":2,"18":1,"19":1,"20":1,"21":1,"22":1,"23":1,"24":1,"25":1,"26":0,"27":0,"28":2,"29":2,"30":2,"31":5,"32":2,"33":2,"34":2,"35":3,"36":0,"37":2,"38":2,"39":5,"40":1,"41":4,"42":1,"43":6,"44":6,"45":6,"46":27,"47":27,"48":6,"49":0,"50":0,"51":0,"52":0,"53":0,"54":0,"55":0,"56":0,"57":0,"58":0,"59":0,"60":0,"61":0,"62":0,"63":0,"64":0,"65":0,"66":2},"f":{"0":12,"1":16,"2":22,"3":2,"4":2,"5":2,"6":6,"7":0},"b":{"0":[6,16],"1":[1,1],"2":[1,0],"3":[2,3],"4":[1,4],"5":[0,0],"6":[0,0],"7":[0,0]},"_coverageSchema":"1a1c01bbd47fc00a2c39e90264f33305004495a9","hash":"30696f9f877db6a3ed0bfce7e77acdeaa3f8b820"}
,"/home/raghadan/ltuc/401/data-structures-and-algorithms/challenges/linkedList/node.js": {"path":"/home/raghadan/ltuc/401/data-structures-and-algorithms/challenges/linkedList/node.js","statementMap":{"0":{"start":{"line":7,"column":4},"end":{"line":7,"column":23}},"1":{"start":{"line":8,"column":4},"end":{"line":8,"column":21}},"2":{"start":{"line":12,"column":0},"end":{"line":12,"column":23}}},"fnMap":{"0":{"name":"(anonymous_0)","decl":{"start":{"line":6,"column":2},"end":{"line":6,"column":3}},"loc":{"start":{"line":6,"column":21},"end":{"line":9,"column":3}},"line":6}},"branchMap":{},"s":{"0":43,"1":43,"2":3},"f":{"0":43},"b":{},"_coverageSchema":"1a1c01bbd47fc00a2c39e90264f33305004495a9","hash":"8193c70c3d55b3b0dca27e25d36e8eecef95230a"}
,"/home/raghadan/ltuc/401/data-structures-and-algorithms/challenges/llZip/ll-zip.js": {"path":"/home/raghadan/ltuc/401/data-structures-and-algorithms/challenges/llZip/ll-zip.js","statementMap":{"0":{"start":{"line":2,"column":19},"end":{"line":2,"column":55}},"1":{"start":{"line":6,"column":19},"end":{"line":6,"column":35}},"2":{"start":{"line":8,"column":2},"end":{"line":8,"column":38}},"3":{"start":{"line":9,"column":2},"end":{"line":9,"column":38}},"4":{"start":{"line":11,"column":16},"end":{"line":11,"column":31}},"5":{"start":{"line":12,"column":23},"end":{"line":12,"column":38}},"6":{"start":{"line":14,"column":2},"end":{"line":24,"column":3}},"7":{"start":{"line":15,"column":4},"end":{"line":18,"column":5}},"8":{"start":{"line":16,"column":6},"end":{"line":16,"column":39}},"9":{"start":{"line":17,"column":6},"end":{"line":17,"column":29}},"10":{"start":{"line":20,"column":4},"end":{"line":23,"column":5}},"11":{"start":{"line":21,"column":6},"end":{"line":21,"column":46}},"12":{"start":{"line":22,"column":6},"end":{"line":22,"column":43}},"13":{"start":{"line":25,"column":2},"end":{"line":25,"column":20}},"14":{"start":{"line":28,"column":0},"end":{"line":28,"column":26}}},"fnMap":{"0":{"name":"zipLists","decl":{"start":{"line":4,"column":9},"end":{"line":4,"column":17}},"loc":{"start":{"line":4,"column":32},"end":{"line":26,"column":1}},"line":4}},"branchMap":{"0":{"loc":{"start":{"line":14,"column":9},"end":{"line":14,"column":34}},"type":"binary-expr","locations":[{"start":{"line":14,"column":9},"end":{"line":14,"column":16}},{"start":{"line":14,"column":20},"end":{"line":14,"column":34}}],"line":14},"1":{"loc":{"start":{"line":15,"column":4},"end":{"line":18,"column":5}},"type":"if","locations":[{"start":{"line":15,"column":4},"end":{"line":18,"column":5}},{"start":{"line":15,"column":4},"end":{"line":18,"column":5}}],"line":15},"2":{"loc":{"start":{"line":20,"column":4},"end":{"line":23,"column":5}},"type":"if","locations":[{"start":{"line":20,"column":4},"end":{"line":23,"column":5}},{"start":{"line":20,"column":4},"end":{"line":23,"column":5}}],"line":20}},"s":{"0":1,"1":1,"2":1,"3":1,"4":1,"5":1,"6":1,"7":3,"8":3,"9":3,"10":3,"11":3,"12":3,"13":1,"14":1},"f":{"0":1},"b":{"0":[4,1],"1":[3,0],"2":[3,0]},"_coverageSchema":"1a1c01bbd47fc00a2c39e90264f33305004495a9","hash":"2415da2ff7362317c827b988e302de68a5472d90"}
,"/home/raghadan/ltuc/401/data-structures-and-algorithms/challenges/queueWithStacks/queue-with-stacks.js": {"path":"/home/raghadan/ltuc/401/data-structures-and-algorithms/challenges/queueWithStacks/queue-with-stacks.js","statementMap":{"0":{"start":{"line":5,"column":4},"end":{"line":5,"column":23}},"1":{"start":{"line":6,"column":4},"end":{"line":6,"column":21}},"2":{"start":{"line":12,"column":4},"end":{"line":12,"column":20}},"3":{"start":{"line":13,"column":4},"end":{"line":13,"column":20}},"4":{"start":{"line":18,"column":15},"end":{"line":18,"column":28}},"5":{"start":{"line":19,"column":4},"end":{"line":19,"column":25}},"6":{"start":{"line":20,"column":4},"end":{"line":20,"column":20}},"7":{"start":{"line":21,"column":4},"end":{"line":21,"column":18}},"8":{"start":{"line":27,"column":17},"end":{"line":27,"column":25}},"9":{"start":{"line":28,"column":4},"end":{"line":36,"column":5}},"10":{"start":{"line":29,"column":16},"end":{"line":29,"column":28}},"11":{"start":{"line":30,"column":6},"end":{"line":30,"column":27}},"12":{"start":{"line":31,"column":6},"end":{"line":31,"column":24}},"13":{"start":{"line":32,"column":6},"end":{"line":32,"column":20}},"14":{"start":{"line":33,"column":6},"end":{"line":33,"column":17}},"15":{"start":{"line":35,"column":6},"end":{"line":35,"column":50}},"16":{"start":{"line":40,"column":4},"end":{"line":44,"column":5}},"17":{"start":{"line":41,"column":6},"end":{"line":41,"column":28}},"18":{"start":{"line":43,"column":6},"end":{"line":43,"column":51}},"19":{"start":{"line":53,"column":8},"end":{"line":53,"column":38}},"20":{"start":{"line":54,"column":8},"end":{"line":54,"column":39}},"21":{"start":{"line":55,"column":8},"end":{"line":55,"column":20}},"22":{"start":{"line":61,"column":8},"end":{"line":61,"column":34}},"23":{"start":{"line":62,"column":8},"end":{"line":62,"column":20}},"24":{"start":{"line":67,"column":22},"end":{"line":67,"column":41}},"25":{"start":{"line":68,"column":8},"end":{"line":71,"column":9}},"26":{"start":{"line":69,"column":12},"end":{"line":69,"column":49}},"27":{"start":{"line":70,"column":12},"end":{"line":70,"column":35}},"28":{"start":{"line":73,"column":8},"end":{"line":73,"column":31}},"29":{"start":{"line":74,"column":9},"end":{"line":74,"column":21}},"30":{"start":{"line":75,"column":8},"end":{"line":75,"column":38}},"31":{"start":{"line":77,"column":8},"end":{"line":77,"column":39}},"32":{"start":{"line":79,"column":8},"end":{"line":82,"column":9}},"33":{"start":{"line":80,"column":12},"end":{"line":80,"column":48}},"34":{"start":{"line":81,"column":12},"end":{"line":81,"column":35}},"35":{"start":{"line":84,"column":8},"end":{"line":84,"column":39}},"36":{"start":{"line":104,"column":0},"end":{"line":104,"column":29}}},"fnMap":{"0":{"name":"(anonymous_0)","decl":{"start":{"line":4,"column":2},"end":{"line":4,"column":3}},"loc":{"start":{"line":4,"column":21},"end":{"line":7,"column":3}},"line":4},"1":{"name":"(anonymous_1)","decl":{"start":{"line":11,"column":2},"end":{"line":11,"column":3}},"loc":{"start":{"line":11,"column":16},"end":{"line":15,"column":3}},"line":11},"2":{"name":"(anonymous_2)","decl":{"start":{"line":17,"column":2},"end":{"line":17,"column":3}},"loc":{"start":{"line":17,"column":12},"end":{"line":22,"column":3}},"line":17},"3":{"name":"(anonymous_3)","decl":{"start":{"line":26,"column":2},"end":{"line":26,"column":3}},"loc":{"start":{"line":26,"column":8},"end":{"line":37,"column":3}},"line":26},"4":{"name":"(anonymous_4)","decl":{"start":{"line":39,"column":2},"end":{"line":39,"column":3}},"loc":{"start":{"line":39,"column":9},"end":{"line":46,"column":3}},"line":39},"5":{"name":"(anonymous_5)","decl":{"start":{"line":52,"column":4},"end":{"line":52,"column":5}},"loc":{"start":{"line":52,"column":18},"end":{"line":57,"column":5}},"line":52},"6":{"name":"(anonymous_6)","decl":{"start":{"line":60,"column":4},"end":{"line":60,"column":5}},"loc":{"start":{"line":60,"column":17},"end":{"line":63,"column":5}},"line":60},"7":{"name":"(anonymous_7)","decl":{"start":{"line":66,"column":4},"end":{"line":66,"column":5}},"loc":{"start":{"line":66,"column":14},"end":{"line":85,"column":5}},"line":66}},"branchMap":{"0":{"loc":{"start":{"line":28,"column":4},"end":{"line":36,"column":5}},"type":"if","locations":[{"start":{"line":28,"column":4},"end":{"line":36,"column":5}},{"start":{"line":28,"column":4},"end":{"line":36,"column":5}}],"line":28},"1":{"loc":{"start":{"line":40,"column":4},"end":{"line":44,"column":5}},"type":"if","locations":[{"start":{"line":40,"column":4},"end":{"line":44,"column":5}},{"start":{"line":40,"column":4},"end":{"line":44,"column":5}}],"line":40}},"s":{"0":11,"1":11,"2":6,"3":6,"4":11,"5":11,"6":11,"7":11,"8":1,"9":1,"10":1,"11":1,"12":1,"13":1,"14":1,"15":0,"16":0,"17":0,"18":0,"19":2,"20":2,"21":2,"22":6,"23":6,"24":1,"25":1,"26":3,"27":3,"28":1,"29":1,"30":1,"31":1,"32":1,"33":2,"34":2,"35":1,"36":1},"f":{"0":11,"1":6,"2":11,"3":1,"4":0,"5":2,"6":6,"7":1},"b":{"0":[1,0],"1":[0,0]},"_coverageSchema":"1a1c01bbd47fc00a2c39e90264f33305004495a9","hash":"aa850ed1235f934f09fdb411a78bacec77450efc"}
,"/home/raghadan/ltuc/401/data-structures-and-algorithms/challenges/stacksAndQueues/stacks-and-queues.js": {"path":"/home/raghadan/ltuc/401/data-structures-and-algorithms/challenges/stacksAndQueues/stacks-and-queues.js","statementMap":{"0":{"start":{"line":5,"column":4},"end":{"line":5,"column":23}},"1":{"start":{"line":6,"column":4},"end":{"line":6,"column":21}},"2":{"start":{"line":12,"column":4},"end":{"line":12,"column":20}},"3":{"start":{"line":13,"column":4},"end":{"line":13,"column":20}},"4":{"start":{"line":18,"column":15},"end":{"line":18,"column":28}},"5":{"start":{"line":19,"column":4},"end":{"line":19,"column":25}},"6":{"start":{"line":20,"column":4},"end":{"line":20,"column":20}},"7":{"start":{"line":21,"column":4},"end":{"line":21,"column":18}},"8":{"start":{"line":27,"column":17},"end":{"line":27,"column":25}},"9":{"start":{"line":28,"column":4},"end":{"line":36,"column":5}},"10":{"start":{"line":29,"column":16},"end":{"line":29,"column":28}},"11":{"start":{"line":30,"column":6},"end":{"line":30,"column":27}},"12":{"start":{"line":31,"column":6},"end":{"line":31,"column":24}},"13":{"start":{"line":32,"column":6},"end":{"line":32,"column":20}},"14":{"start":{"line":33,"column":6},"end":{"line":33,"column":17}},"15":{"start":{"line":35,"column":6},"end":{"line":35,"column":50}},"16":{"start":{"line":40,"column":4},"end":{"line":44,"column":5}},"17":{"start":{"line":41,"column":6},"end":{"line":41,"column":28}},"18":{"start":{"line":43,"column":6},"end":{"line":43,"column":51}},"19":{"start":{"line":48,"column":4},"end":{"line":48,"column":29}},"20":{"start":{"line":70,"column":4},"end":{"line":70,"column":22}},"21":{"start":{"line":71,"column":4},"end":{"line":71,"column":20}},"22":{"start":{"line":75,"column":15},"end":{"line":75,"column":28}},"23":{"start":{"line":77,"column":4},"end":{"line":85,"column":5}},"24":{"start":{"line":78,"column":6},"end":{"line":78,"column":24}},"25":{"start":{"line":80,"column":6},"end":{"line":80,"column":27}},"26":{"start":{"line":81,"column":6},"end":{"line":83,"column":7}},"27":{"start":{"line":82,"column":8},"end":{"line":82,"column":31}},"28":{"start":{"line":84,"column":6},"end":{"line":84,"column":26}},"29":{"start":{"line":86,"column":4},"end":{"line":86,"column":18}},"30":{"start":{"line":91,"column":4},"end":{"line":99,"column":5}},"31":{"start":{"line":92,"column":6},"end":{"line":92,"column":53}},"32":{"start":{"line":95,"column":16},"end":{"line":95,"column":32}},"33":{"start":{"line":96,"column":6},"end":{"line":96,"column":35}},"34":{"start":{"line":97,"column":6},"end":{"line":97,"column":20}},"35":{"start":{"line":98,"column":6},"end":{"line":98,"column":17}},"36":{"start":{"line":104,"column":4},"end":{"line":110,"column":5}},"37":{"start":{"line":105,"column":6},"end":{"line":105,"column":45}},"38":{"start":{"line":108,"column":6},"end":{"line":108,"column":30}},"39":{"start":{"line":114,"column":4},"end":{"line":114,"column":29}},"40":{"start":{"line":135,"column":0},"end":{"line":135,"column":40}}},"fnMap":{"0":{"name":"(anonymous_0)","decl":{"start":{"line":4,"column":2},"end":{"line":4,"column":3}},"loc":{"start":{"line":4,"column":21},"end":{"line":7,"column":3}},"line":4},"1":{"name":"(anonymous_1)","decl":{"start":{"line":11,"column":2},"end":{"line":11,"column":3}},"loc":{"start":{"line":11,"column":16},"end":{"line":15,"column":3}},"line":11},"2":{"name":"(anonymous_2)","decl":{"start":{"line":17,"column":2},"end":{"line":17,"column":3}},"loc":{"start":{"line":17,"column":12},"end":{"line":22,"column":3}},"line":17},"3":{"name":"(anonymous_3)","decl":{"start":{"line":26,"column":2},"end":{"line":26,"column":3}},"loc":{"start":{"line":26,"column":8},"end":{"line":37,"column":3}},"line":26},"4":{"name":"(anonymous_4)","decl":{"start":{"line":39,"column":2},"end":{"line":39,"column":3}},"loc":{"start":{"line":39,"column":9},"end":{"line":46,"column":3}},"line":39},"5":{"name":"(anonymous_5)","decl":{"start":{"line":47,"column":2},"end":{"line":47,"column":3}},"loc":{"start":{"line":47,"column":12},"end":{"line":49,"column":3}},"line":47},"6":{"name":"(anonymous_6)","decl":{"start":{"line":69,"column":2},"end":{"line":69,"column":3}},"loc":{"start":{"line":69,"column":16},"end":{"line":72,"column":3}},"line":69},"7":{"name":"(anonymous_7)","decl":{"start":{"line":74,"column":2},"end":{"line":74,"column":3}},"loc":{"start":{"line":74,"column":15},"end":{"line":87,"column":3}},"line":74},"8":{"name":"(anonymous_8)","decl":{"start":{"line":89,"column":2},"end":{"line":89,"column":3}},"loc":{"start":{"line":89,"column":12},"end":{"line":101,"column":3}},"line":89},"9":{"name":"(anonymous_9)","decl":{"start":{"line":103,"column":2},"end":{"line":103,"column":3}},"loc":{"start":{"line":103,"column":9},"end":{"line":111,"column":3}},"line":103},"10":{"name":"(anonymous_10)","decl":{"start":{"line":113,"column":2},"end":{"line":113,"column":3}},"loc":{"start":{"line":113,"column":12},"end":{"line":115,"column":3}},"line":113}},"branchMap":{"0":{"loc":{"start":{"line":28,"column":4},"end":{"line":36,"column":5}},"type":"if","locations":[{"start":{"line":28,"column":4},"end":{"line":36,"column":5}},{"start":{"line":28,"column":4},"end":{"line":36,"column":5}}],"line":28},"1":{"loc":{"start":{"line":40,"column":4},"end":{"line":44,"column":5}},"type":"if","locations":[{"start":{"line":40,"column":4},"end":{"line":44,"column":5}},{"start":{"line":40,"column":4},"end":{"line":44,"column":5}}],"line":40},"2":{"loc":{"start":{"line":77,"column":4},"end":{"line":85,"column":5}},"type":"if","locations":[{"start":{"line":77,"column":4},"end":{"line":85,"column":5}},{"start":{"line":77,"column":4},"end":{"line":85,"column":5}}],"line":77},"3":{"loc":{"start":{"line":91,"column":4},"end":{"line":99,"column":5}},"type":"if","locations":[{"start":{"line":91,"column":4},"end":{"line":99,"column":5}},{"start":{"line":91,"column":4},"end":{"line":99,"column":5}}],"line":91},"4":{"loc":{"start":{"line":104,"column":4},"end":{"line":110,"column":5}},"type":"if","locations":[{"start":{"line":104,"column":4},"end":{"line":110,"column":5}},{"start":{"line":104,"column":4},"end":{"line":110,"column":5}}],"line":104}},"s":{"0":15,"1":15,"2":6,"3":6,"4":8,"5":8,"6":8,"7":8,"8":1,"9":1,"10":1,"11":1,"12":1,"13":1,"14":1,"15":0,"16":1,"17":1,"18":0,"19":1,"20":5,"21":5,"22":7,"23":7,"24":4,"25":3,"26":3,"27":1,"28":3,"29":7,"30":1,"31":0,"32":1,"33":1,"34":1,"35":1,"36":4,"37":0,"38":4,"39":2,"40":1},"f":{"0":15,"1":6,"2":8,"3":1,"4":1,"5":1,"6":5,"7":7,"8":1,"9":4,"10":2},"b":{"0":[1,0],"1":[1,0],"2":[4,3],"3":[0,1],"4":[0,4]},"_coverageSchema":"1a1c01bbd47fc00a2c39e90264f33305004495a9","hash":"5f04b1202d44928b675835d4b5eb528255b5ddd8"}
}
