TN:
SF:challenges/arrayShift/array-shift.js
FN:3,(anonymous_0)
FNF:1
FNH:1
FNDA:2,(anonymous_0)
DA:3,1
DA:6,2
DA:7,2
DA:8,2
DA:9,9
DA:10,3
DA:13,9
DA:14,2
DA:15,2
DA:18,9
DA:19,4
DA:23,2
DA:26,1
LF:13
LH:13
BRDA:9,0,0,3
BRDA:9,0,1,6
BRDA:13,1,0,2
BRDA:13,1,1,7
BRDA:18,2,0,4
BRDA:18,2,1,5
BRF:6
BRH:6
end_of_record
TN:
SF:challenges/hashtable/hashtable.js
FN:4,(anonymous_0)
FN:10,(anonymous_1)
FN:12,(anonymous_2)
FN:25,(anonymous_3)
FN:40,(anonymous_4)
FN:47,(anonymous_5)
FN:56,(anonymous_6)
FN:63,(anonymous_7)
FN:67,(anonymous_8)
FN:81,(anonymous_9)
FNF:10
FNH:9
FNDA:3,(anonymous_0)
FNDA:8,(anonymous_1)
FNDA:38,(anonymous_2)
FNDA:3,(anonymous_3)
FNDA:2,(anonymous_4)
FNDA:2,(anonymous_5)
FNDA:3,(anonymous_6)
FNDA:3,(anonymous_7)
FNDA:3,(anonymous_8)
FNDA:0,(anonymous_9)
DA:5,3
DA:6,3
DA:12,8
DA:15,38
DA:27,3
DA:30,3
DA:32,3
DA:34,3
DA:35,3
DA:36,3
DA:41,2
DA:43,2
DA:48,2
DA:49,2
DA:57,3
DA:58,3
DA:64,3
DA:68,3
DA:69,3
DA:70,3
DA:73,0
DA:74,0
DA:75,0
DA:77,0
DA:82,0
DA:83,0
DA:84,0
DA:85,0
DA:87,0
DA:89,0
DA:95,1
DA:96,1
DA:105,1
LF:33
LH:23
BRDA:30,0,0,3
BRDA:30,0,1,0
BRDA:43,1,0,1
BRDA:43,1,1,1
BRDA:49,2,0,1
BRDA:49,2,1,1
BRDA:69,3,0,3
BRDA:69,3,1,0
BRDA:84,4,0,0
BRDA:84,4,1,0
BRF:10
BRH:6
end_of_record
TN:
SF:challenges/insertion-sort/insertion-sort.js
FN:2,insertionSort
FNF:1
FNH:1
FNDA:6,insertionSort
DA:3,6
DA:4,2
DA:5,4
DA:6,20
DA:7,20
DA:8,20
DA:9,28
DA:10,28
DA:12,20
DA:14,4
DA:26,1
LF:11
LH:11
BRDA:3,0,0,2
BRDA:3,0,1,4
BRDA:3,1,0,6
BRDA:3,1,1,5
BRDA:8,2,0,48
BRDA:8,2,1,42
BRF:6
BRH:6
end_of_record
TN:
SF:challenges/linkedList/linked-list.js
FN:6,(anonymous_0)
FN:11,(anonymous_1)
FN:18,(anonymous_2)
FN:32,(anonymous_3)
FN:55,(anonymous_4)
FN:73,(anonymous_5)
FN:84,(anonymous_6)
FN:94,(anonymous_7)
FNF:8
FNH:7
FNDA:12,(anonymous_0)
FNDA:16,(anonymous_1)
FNDA:22,(anonymous_2)
FNDA:2,(anonymous_3)
FNDA:2,(anonymous_4)
FNDA:2,(anonymous_5)
FNDA:6,(anonymous_6)
FNDA:0,(anonymous_7)
DA:3,2
DA:7,12
DA:12,16
DA:13,16
DA:14,16
DA:15,16
DA:19,22
DA:20,22
DA:21,6
DA:22,6
DA:24,16
DA:25,16
DA:26,25
DA:28,16
DA:29,16
DA:33,2
DA:35,2
DA:37,2
DA:38,1
DA:39,1
DA:40,1
DA:42,1
DA:43,1
DA:44,1
DA:45,1
DA:46,1
DA:49,0
DA:51,0
DA:56,2
DA:58,2
DA:59,2
DA:60,5
DA:61,2
DA:62,2
DA:64,2
DA:66,3
DA:68,0
DA:74,2
DA:75,2
DA:76,5
DA:77,1
DA:79,4
DA:81,1
DA:85,6
DA:86,6
DA:87,6
DA:88,27
DA:89,27
DA:91,6
DA:95,0
DA:96,0
DA:98,0
DA:99,0
DA:104,0
DA:105,0
DA:107,0
DA:108,0
DA:109,0
DA:111,0
DA:112,0
DA:115,0
DA:116,0
DA:118,0
DA:119,0
DA:122,0
DA:126,2
LF:66
LH:47
BRDA:20,0,0,6
BRDA:20,0,1,16
BRDA:37,1,0,1
BRDA:37,1,1,1
BRDA:43,2,0,1
BRDA:43,2,1,0
BRDA:60,3,0,2
BRDA:60,3,1,3
BRDA:76,4,0,1
BRDA:76,4,1,4
BRDA:95,5,0,0
BRDA:95,5,1,0
BRDA:98,6,0,0
BRDA:98,6,1,0
BRDA:111,7,0,0
BRDA:111,7,1,0
BRF:16
BRH:9
end_of_record
TN:
SF:challenges/linkedList/node.js
FN:6,(anonymous_0)
FNF:1
FNH:1
FNDA:43,(anonymous_0)
DA:7,43
DA:8,43
DA:12,3
LF:3
LH:3
BRF:0
BRH:0
end_of_record
TN:
SF:challenges/llZip/ll-zip.js
FN:4,zipLists
FNF:1
FNH:1
FNDA:1,zipLists
DA:2,1
DA:6,1
DA:8,1
DA:9,1
DA:11,1
DA:12,1
DA:14,1
DA:15,3
DA:16,3
DA:17,3
DA:20,3
DA:21,3
DA:22,3
DA:25,1
DA:28,1
LF:15
LH:15
BRDA:14,0,0,4
BRDA:14,0,1,1
BRDA:15,1,0,3
BRDA:15,1,1,0
BRDA:20,2,0,3
BRDA:20,2,1,0
BRF:6
BRH:4
end_of_record
TN:
SF:challenges/mergeSort/merge-sort.js
FN:3,mergeSort
FN:20,Merge
FNF:2
FNH:2
FNDA:37,mergeSort
FNDA:16,Merge
DA:4,37
DA:6,37
DA:7,37
DA:8,16
DA:9,16
DA:10,16
DA:12,16
DA:13,16
DA:14,16
DA:15,16
DA:16,16
DA:21,16
DA:22,16
DA:23,16
DA:25,16
DA:26,31
DA:27,17
DA:28,17
DA:30,14
DA:31,14
DA:33,31
DA:36,16
DA:37,11
DA:38,14
DA:39,14
DA:42,5
DA:43,5
DA:44,5
DA:49,1
DA:52,1
DA:63,1
LF:31
LH:31
BRDA:4,0,0,0
BRDA:4,0,1,37
BRDA:4,1,0,37
BRDA:4,1,1,37
BRDA:7,2,0,16
BRDA:7,2,1,21
BRDA:25,3,0,47
BRDA:25,3,1,36
BRDA:26,4,0,17
BRDA:26,4,1,14
BRDA:36,5,0,11
BRDA:36,5,1,5
BRF:12
BRH:11
end_of_record
TN:
SF:challenges/queueWithStacks/queue-with-stacks.js
FN:4,(anonymous_0)
FN:11,(anonymous_1)
FN:17,(anonymous_2)
FN:26,(anonymous_3)
FN:39,(anonymous_4)
FN:52,(anonymous_5)
FN:60,(anonymous_6)
FN:66,(anonymous_7)
FNF:8
FNH:7
FNDA:11,(anonymous_0)
FNDA:6,(anonymous_1)
FNDA:11,(anonymous_2)
FNDA:1,(anonymous_3)
FNDA:0,(anonymous_4)
FNDA:2,(anonymous_5)
FNDA:6,(anonymous_6)
FNDA:1,(anonymous_7)
DA:5,11
DA:6,11
DA:12,6
DA:13,6
DA:18,11
DA:19,11
DA:20,11
DA:21,11
DA:27,1
DA:28,1
DA:29,1
DA:30,1
DA:31,1
DA:32,1
DA:33,1
DA:35,0
DA:40,0
DA:41,0
DA:43,0
DA:53,2
DA:54,2
DA:55,2
DA:61,6
DA:62,6
DA:67,1
DA:68,1
DA:69,3
DA:70,3
DA:73,1
DA:74,1
DA:75,1
DA:77,1
DA:79,1
DA:80,2
DA:81,2
DA:84,1
DA:104,1
LF:37
LH:33
BRDA:28,0,0,1
BRDA:28,0,1,0
BRDA:40,1,0,0
BRDA:40,1,1,0
BRF:4
BRH:1
end_of_record
TN:
SF:challenges/quick-sort/quick-sort.js
FN:3,QuickSort
FN:15,Partition
FN:33,Swap
FNF:3
FNH:3
FNDA:34,QuickSort
FNDA:15,Partition
FNDA:41,Swap
DA:5,34
DA:7,15
DA:9,15
DA:11,15
DA:13,34
DA:17,15
DA:19,15
DA:20,15
DA:21,43
DA:22,26
DA:23,26
DA:29,15
DA:31,15
DA:35,41
DA:36,41
DA:37,41
DA:48,1
LF:17
LH:17
BRDA:5,0,0,15
BRDA:5,0,1,19
BRDA:21,1,0,26
BRDA:21,1,1,17
BRF:4
BRH:4
end_of_record
TN:
SF:challenges/repeatedWord/repeated-word.js
FN:4,repeatedWord
FN:20,(anonymous_1)
FN:26,(anonymous_2)
FN:27,(anonymous_3)
FN:33,(anonymous_4)
FN:43,(anonymous_5)
FN:48,(anonymous_6)
FN:57,(anonymous_7)
FN:64,(anonymous_8)
FN:68,(anonymous_9)
FN:82,(anonymous_10)
FNF:11
FNH:9
FNDA:4,repeatedWord
FNDA:4,(anonymous_1)
FNDA:47,(anonymous_2)
FNDA:167,(anonymous_3)
FNDA:22,(anonymous_4)
FNDA:25,(anonymous_5)
FNDA:0,(anonymous_6)
FNDA:22,(anonymous_7)
FNDA:22,(anonymous_8)
FNDA:22,(anonymous_9)
FNDA:0,(anonymous_10)
DA:2,1
DA:5,4
DA:8,4
DA:9,4
DA:10,25
DA:11,22
DA:13,3
DA:16,1
DA:21,4
DA:22,4
DA:27,47
DA:28,167
DA:34,22
DA:35,22
DA:36,22
DA:38,22
DA:40,22
DA:44,25
DA:45,25
DA:49,0
DA:50,0
DA:58,22
DA:59,22
DA:65,22
DA:69,22
DA:70,22
DA:71,22
DA:74,0
DA:75,0
DA:76,0
DA:78,0
DA:83,0
DA:84,0
DA:85,0
DA:86,0
DA:88,0
DA:90,0
DA:95,1
DA:96,1
DA:97,1
DA:98,1
LF:41
LH:29
BRDA:10,0,0,22
BRDA:10,0,1,3
BRDA:35,1,0,22
BRDA:35,1,1,0
BRDA:45,2,0,3
BRDA:45,2,1,22
BRDA:50,3,0,0
BRDA:50,3,1,0
BRDA:70,4,0,22
BRDA:70,4,1,0
BRDA:85,5,0,0
BRDA:85,5,1,0
BRF:12
BRH:6
end_of_record
TN:
SF:challenges/stacksAndQueues/stacks-and-queues.js
FN:4,(anonymous_0)
FN:11,(anonymous_1)
FN:17,(anonymous_2)
FN:26,(anonymous_3)
FN:39,(anonymous_4)
FN:47,(anonymous_5)
FN:69,(anonymous_6)
FN:74,(anonymous_7)
FN:89,(anonymous_8)
FN:103,(anonymous_9)
FN:113,(anonymous_10)
FNF:11
FNH:11
FNDA:15,(anonymous_0)
FNDA:6,(anonymous_1)
FNDA:8,(anonymous_2)
FNDA:1,(anonymous_3)
FNDA:1,(anonymous_4)
FNDA:1,(anonymous_5)
FNDA:5,(anonymous_6)
FNDA:7,(anonymous_7)
FNDA:1,(anonymous_8)
FNDA:4,(anonymous_9)
FNDA:2,(anonymous_10)
DA:5,15
DA:6,15
DA:12,6
DA:13,6
DA:18,8
DA:19,8
DA:20,8
DA:21,8
DA:27,1
DA:28,1
DA:29,1
DA:30,1
DA:31,1
DA:32,1
DA:33,1
DA:35,0
DA:40,1
DA:41,1
DA:43,0
DA:48,1
DA:70,5
DA:71,5
DA:75,7
DA:77,7
DA:78,4
DA:80,3
DA:81,3
DA:82,1
DA:84,3
DA:86,7
DA:91,1
DA:92,0
DA:95,1
DA:96,1
DA:97,1
DA:98,1
DA:104,4
DA:105,0
DA:108,4
DA:114,2
DA:135,1
LF:41
LH:37
BRDA:28,0,0,1
BRDA:28,0,1,0
BRDA:40,1,0,1
BRDA:40,1,1,0
BRDA:77,2,0,4
BRDA:77,2,1,3
BRDA:91,3,0,0
BRDA:91,3,1,1
BRDA:104,4,0,0
BRDA:104,4,1,4
BRF:10
BRH:6
end_of_record
TN:
SF:challenges/treeIntersection/node.js
FN:4,(anonymous_0)
FNF:1
FNH:1
FNDA:25,(anonymous_0)
DA:5,25
DA:6,25
DA:7,25
DA:11,1
LF:4
LH:4
BRDA:4,0,0,25
BRDA:4,1,0,25
BRF:2
BRH:2
end_of_record
TN:
SF:challenges/treeIntersection/tree-Intersection.js
FN:12,(anonymous_0)
FN:49,(anonymous_1)
FN:52,(anonymous_2)
FN:60,(anonymous_3)
FN:62,(anonymous_4)
FN:72,treeIntersection
FN:75,(anonymous_6)
FNF:7
FNH:7
FNDA:3,(anonymous_0)
FNDA:1,(anonymous_1)
FNDA:9,(anonymous_2)
FNDA:2,(anonymous_3)
FNDA:18,(anonymous_4)
FNDA:1,treeIntersection
FNDA:7,(anonymous_6)
DA:13,3
DA:50,1
DA:52,1
DA:53,9
DA:54,9
DA:55,9
DA:57,1
DA:58,1
DA:61,2
DA:62,2
DA:63,18
DA:64,18
DA:65,18
DA:67,2
DA:68,2
DA:73,1
DA:74,1
DA:75,1
DA:76,7
DA:77,7
DA:78,7
DA:80,1
DA:81,1
DA:84,1
DA:86,1
DA:87,1
DA:88,1
DA:89,1
DA:90,1
DA:91,1
DA:92,1
DA:93,1
DA:94,1
DA:96,1
DA:97,1
DA:98,1
DA:99,1
DA:100,1
DA:101,1
DA:102,1
DA:103,1
DA:104,1
DA:105,1
DA:111,1
DA:113,1
DA:114,1
DA:115,1
DA:116,1
DA:117,1
DA:118,1
DA:119,1
DA:122,1
DA:123,1
DA:124,1
DA:125,1
DA:128,1
DA:129,1
DA:130,1
DA:131,1
DA:133,1
LF:60
LH:60
BRDA:53,0,0,4
BRDA:53,0,1,5
BRDA:54,1,0,4
BRDA:54,1,1,5
BRDA:63,2,0,8
BRDA:63,2,1,10
BRDA:64,3,0,8
BRDA:64,3,1,10
BRDA:76,4,0,3
BRDA:76,4,1,4
BRDA:77,5,0,3
BRDA:77,5,1,4
BRDA:78,6,0,7
BRDA:78,6,1,0
BRF:14
BRH:13
end_of_record
